2015-01-14 10:55:13,276 | INFO | Just finished initializing Loggers...
2015-01-14 10:55:13,755 | INFO | MessagingDaemon | ProcessHandler() | -1 | All required properties were loaded successfully
2015-01-14 10:55:13,755 | INFO | 
2015-01-14 10:55:13,755 | INFO | MessagingDaemon | pingDatabaseServer() | -1 | Pinging Database...
2015-01-14 10:55:35,016 | INFO | MessagingDaemon | runDaemon() | -1 | Connection to the database was interrupted, suspending from service...
2015-01-14 10:55:35,016 | INFO | MessagingDaemon | runDaemon() | -1 | Cleaning up service...
2015-01-14 10:55:35,016 | INFO | MessagingDaemon | pingDatabaseServer() | -1 | Pinging Database...
2015-01-14 10:55:56,516 | INFO | MessagingDaemon | pingDatabaseServer() | -1 | Pinging Database...
2015-01-14 10:56:23,749 | INFO | Just finished initializing Loggers...
2015-01-14 10:56:23,834 | INFO | MessagingDaemon | ProcessHandler() | -1 | All required properties were loaded successfully
2015-01-14 10:56:23,834 | INFO | 
2015-01-14 10:56:23,835 | INFO | MessagingDaemon | pingDatabaseServer() | -1 | Pinging Database...
2015-01-14 10:56:44,860 | INFO | MessagingDaemon | runDaemon() | -1 | Connection to the database was interrupted, suspending from service...
2015-01-14 10:56:44,861 | INFO | MessagingDaemon | runDaemon() | -1 | Cleaning up service...
2015-01-14 10:56:44,861 | INFO | MessagingDaemon | pingDatabaseServer() | -1 | Pinging Database...
2015-01-14 10:57:06,356 | INFO | MessagingDaemon | pingDatabaseServer() | -1 | Pinging Database...
2015-01-14 10:57:27,863 | INFO | MessagingDaemon | pingDatabaseServer() | -1 | Pinging Database...
2015-01-14 10:57:49,375 | INFO | MessagingDaemon | pingDatabaseServer() | -1 | Pinging Database...
2015-01-14 10:58:58,217 | INFO | Just finished initializing Loggers...
2015-01-14 10:59:37,026 | INFO | MessagingDaemon | ProcessHandler() | -1 | All required properties were loaded successfully
2015-01-14 10:59:40,216 | INFO | 
2015-01-14 10:59:41,400 | INFO | MessagingDaemon | pingDatabaseServer() | -1 | Pinging Database...
2015-01-14 10:59:42,287 | INFO | MessagingDaemon | runDaemon() | -1 | Connection to the database was interrupted, suspending from service...
2015-01-14 10:59:42,287 | INFO | MessagingDaemon | runDaemon() | -1 | Cleaning up service...
2015-01-14 10:59:42,287 | INFO | MessagingDaemon | pingDatabaseServer() | -1 | Pinging Database...
2015-01-14 10:59:42,789 | INFO | MessagingDaemon | pingDatabaseServer() | -1 | Pinging Database...
2015-01-14 10:59:43,292 | INFO | MessagingDaemon | pingDatabaseServer() | -1 | Pinging Database...
2015-01-14 10:59:43,795 | INFO | MessagingDaemon | pingDatabaseServer() | -1 | Pinging Database...
2015-01-14 10:59:44,297 | INFO | MessagingDaemon | pingDatabaseServer() | -1 | Pinging Database...
2015-01-14 10:59:44,800 | INFO | MessagingDaemon | pingDatabaseServer() | -1 | Pinging Database...
2015-01-14 10:59:45,304 | INFO | MessagingDaemon | pingDatabaseServer() | -1 | Pinging Database...
2015-01-14 10:59:45,807 | INFO | MessagingDaemon | pingDatabaseServer() | -1 | Pinging Database...
2015-01-14 10:59:46,311 | INFO | MessagingDaemon | pingDatabaseServer() | -1 | Pinging Database...
2015-01-14 10:59:46,815 | INFO | MessagingDaemon | pingDatabaseServer() | -1 | Pinging Database...
2015-01-14 10:59:47,318 | INFO | MessagingDaemon | pingDatabaseServer() | -1 | Pinging Database...
2015-01-14 10:59:47,822 | INFO | MessagingDaemon | pingDatabaseServer() | -1 | Pinging Database...
2015-01-14 10:59:48,324 | INFO | MessagingDaemon | pingDatabaseServer() | -1 | Pinging Database...
2015-01-14 10:59:48,827 | INFO | MessagingDaemon | pingDatabaseServer() | -1 | Pinging Database...
2015-01-14 10:59:49,329 | INFO | MessagingDaemon | pingDatabaseServer() | -1 | Pinging Database...
2015-01-14 10:59:49,832 | INFO | MessagingDaemon | pingDatabaseServer() | -1 | Pinging Database...
2015-01-14 10:59:50,335 | INFO | MessagingDaemon | pingDatabaseServer() | -1 | Pinging Database...
2015-01-14 10:59:50,838 | INFO | MessagingDaemon | pingDatabaseServer() | -1 | Pinging Database...
2015-01-14 10:59:51,340 | INFO | MessagingDaemon | pingDatabaseServer() | -1 | Pinging Database...
2015-01-14 10:59:51,842 | INFO | MessagingDaemon | pingDatabaseServer() | -1 | Pinging Database...
2015-01-14 10:59:52,347 | INFO | MessagingDaemon | pingDatabaseServer() | -1 | Pinging Database...
2015-01-14 10:59:52,849 | INFO | MessagingDaemon | pingDatabaseServer() | -1 | Pinging Database...
2015-01-14 10:59:53,351 | INFO | MessagingDaemon | pingDatabaseServer() | -1 | Pinging Database...
2015-01-14 10:59:53,854 | INFO | MessagingDaemon | pingDatabaseServer() | -1 | Pinging Database...
2015-01-14 10:59:54,358 | INFO | MessagingDaemon | pingDatabaseServer() | -1 | Pinging Database...
2015-01-14 10:59:54,860 | INFO | MessagingDaemon | pingDatabaseServer() | -1 | Pinging Database...
2015-01-14 10:59:55,363 | INFO | MessagingDaemon | pingDatabaseServer() | -1 | Pinging Database...
2015-01-14 10:59:55,867 | INFO | MessagingDaemon | pingDatabaseServer() | -1 | Pinging Database...
2015-01-14 10:59:56,370 | INFO | MessagingDaemon | pingDatabaseServer() | -1 | Pinging Database...
2015-01-14 10:59:56,875 | INFO | MessagingDaemon | pingDatabaseServer() | -1 | Pinging Database...
2015-01-14 10:59:57,378 | INFO | MessagingDaemon | pingDatabaseServer() | -1 | Pinging Database...
2015-01-14 10:59:57,880 | INFO | MessagingDaemon | pingDatabaseServer() | -1 | Pinging Database...
2015-01-14 10:59:58,384 | INFO | MessagingDaemon | pingDatabaseServer() | -1 | Pinging Database...
2015-01-14 10:59:58,887 | INFO | MessagingDaemon | pingDatabaseServer() | -1 | Pinging Database...
2015-01-14 10:59:59,389 | INFO | MessagingDaemon | pingDatabaseServer() | -1 | Pinging Database...
2015-01-14 10:59:59,892 | INFO | MessagingDaemon | pingDatabaseServer() | -1 | Pinging Database...
2015-01-14 11:00:00,394 | INFO | MessagingDaemon | pingDatabaseServer() | -1 | Pinging Database...
2015-01-14 11:00:00,898 | INFO | MessagingDaemon | pingDatabaseServer() | -1 | Pinging Database...
2015-01-14 11:00:01,401 | INFO | MessagingDaemon | pingDatabaseServer() | -1 | Pinging Database...
2015-01-14 11:00:01,903 | INFO | MessagingDaemon | pingDatabaseServer() | -1 | Pinging Database...
2015-01-14 11:00:02,406 | INFO | MessagingDaemon | pingDatabaseServer() | -1 | Pinging Database...
2015-01-14 11:00:02,908 | INFO | MessagingDaemon | pingDatabaseServer() | -1 | Pinging Database...
2015-01-14 11:00:03,412 | INFO | MessagingDaemon | pingDatabaseServer() | -1 | Pinging Database...
2015-01-14 11:00:03,916 | INFO | MessagingDaemon | pingDatabaseServer() | -1 | Pinging Database...
2015-01-14 11:00:04,418 | INFO | MessagingDaemon | pingDatabaseServer() | -1 | Pinging Database...
2015-01-14 11:00:04,921 | INFO | MessagingDaemon | pingDatabaseServer() | -1 | Pinging Database...
2015-01-14 11:00:05,425 | INFO | MessagingDaemon | pingDatabaseServer() | -1 | Pinging Database...
2015-01-14 11:00:05,928 | INFO | MessagingDaemon | pingDatabaseServer() | -1 | Pinging Database...
2015-01-14 11:00:06,430 | INFO | MessagingDaemon | pingDatabaseServer() | -1 | Pinging Database...
2015-01-14 11:00:06,932 | INFO | MessagingDaemon | pingDatabaseServer() | -1 | Pinging Database...
2015-01-14 11:00:07,434 | INFO | MessagingDaemon | pingDatabaseServer() | -1 | Pinging Database...
2015-01-14 11:00:07,939 | INFO | MessagingDaemon | pingDatabaseServer() | -1 | Pinging Database...
2015-01-14 11:00:08,441 | INFO | MessagingDaemon | pingDatabaseServer() | -1 | Pinging Database...
2015-01-14 11:00:08,946 | INFO | MessagingDaemon | pingDatabaseServer() | -1 | Pinging Database...
2015-01-14 11:00:09,449 | INFO | MessagingDaemon | pingDatabaseServer() | -1 | Pinging Database...
2015-01-14 11:00:09,952 | INFO | MessagingDaemon | pingDatabaseServer() | -1 | Pinging Database...
2015-01-14 11:00:10,455 | INFO | MessagingDaemon | pingDatabaseServer() | -1 | Pinging Database...
2015-01-14 11:00:10,957 | INFO | MessagingDaemon | pingDatabaseServer() | -1 | Pinging Database...
2015-01-14 11:00:11,460 | INFO | MessagingDaemon | pingDatabaseServer() | -1 | Pinging Database...
2015-01-14 11:00:11,963 | INFO | MessagingDaemon | pingDatabaseServer() | -1 | Pinging Database...
2015-01-14 11:00:12,465 | INFO | MessagingDaemon | pingDatabaseServer() | -1 | Pinging Database...
2015-01-14 11:00:12,968 | INFO | MessagingDaemon | pingDatabaseServer() | -1 | Pinging Database...
2015-01-14 11:00:13,470 | INFO | MessagingDaemon | pingDatabaseServer() | -1 | Pinging Database...
2015-01-14 11:00:13,973 | INFO | MessagingDaemon | pingDatabaseServer() | -1 | Pinging Database...
2015-01-14 11:00:14,475 | INFO | MessagingDaemon | pingDatabaseServer() | -1 | Pinging Database...
2015-01-14 11:00:14,978 | INFO | MessagingDaemon | pingDatabaseServer() | -1 | Pinging Database...
2015-01-14 11:00:15,480 | INFO | MessagingDaemon | pingDatabaseServer() | -1 | Pinging Database...
2015-01-14 11:00:15,983 | INFO | MessagingDaemon | pingDatabaseServer() | -1 | Pinging Database...
2015-01-14 11:00:16,487 | INFO | MessagingDaemon | pingDatabaseServer() | -1 | Pinging Database...
2015-01-14 11:00:16,989 | INFO | MessagingDaemon | pingDatabaseServer() | -1 | Pinging Database...
2015-01-14 11:00:17,491 | INFO | MessagingDaemon | pingDatabaseServer() | -1 | Pinging Database...
2015-01-14 11:00:17,994 | INFO | MessagingDaemon | pingDatabaseServer() | -1 | Pinging Database...
2015-01-14 11:00:18,497 | INFO | MessagingDaemon | pingDatabaseServer() | -1 | Pinging Database...
2015-01-14 11:00:19,002 | INFO | MessagingDaemon | pingDatabaseServer() | -1 | Pinging Database...
2015-01-14 11:00:19,504 | INFO | MessagingDaemon | pingDatabaseServer() | -1 | Pinging Database...
2015-01-14 11:00:20,008 | INFO | MessagingDaemon | pingDatabaseServer() | -1 | Pinging Database...
2015-01-14 11:00:20,511 | INFO | MessagingDaemon | pingDatabaseServer() | -1 | Pinging Database...
2015-01-14 11:00:21,014 | INFO | MessagingDaemon | pingDatabaseServer() | -1 | Pinging Database...
2015-01-14 11:00:21,516 | INFO | MessagingDaemon | pingDatabaseServer() | -1 | Pinging Database...
2015-01-14 11:00:22,019 | INFO | MessagingDaemon | pingDatabaseServer() | -1 | Pinging Database...
2015-01-14 11:00:22,521 | INFO | MessagingDaemon | pingDatabaseServer() | -1 | Pinging Database...
2015-01-14 11:00:23,024 | INFO | MessagingDaemon | pingDatabaseServer() | -1 | Pinging Database...
2015-01-14 11:00:23,526 | INFO | MessagingDaemon | pingDatabaseServer() | -1 | Pinging Database...
2015-01-14 11:00:24,031 | INFO | MessagingDaemon | pingDatabaseServer() | -1 | Pinging Database...
2015-01-14 11:00:24,536 | INFO | MessagingDaemon | pingDatabaseServer() | -1 | Pinging Database...
2015-01-14 11:00:25,039 | INFO | MessagingDaemon | pingDatabaseServer() | -1 | Pinging Database...
2015-01-14 11:00:25,541 | INFO | MessagingDaemon | pingDatabaseServer() | -1 | Pinging Database...
2015-01-14 11:00:26,045 | INFO | MessagingDaemon | pingDatabaseServer() | -1 | Pinging Database...
2015-01-14 11:00:26,547 | INFO | MessagingDaemon | pingDatabaseServer() | -1 | Pinging Database...
2015-01-14 11:00:27,050 | INFO | MessagingDaemon | pingDatabaseServer() | -1 | Pinging Database...
2015-01-14 11:00:27,611 | INFO | MessagingDaemon | pingDatabaseServer() | -1 | Pinging Database...
2015-01-14 11:00:28,114 | INFO | MessagingDaemon | pingDatabaseServer() | -1 | Pinging Database...
2015-01-14 11:00:28,640 | INFO | MessagingDaemon | pingDatabaseServer() | -1 | Pinging Database...
2015-01-14 11:00:29,143 | INFO | MessagingDaemon | pingDatabaseServer() | -1 | Pinging Database...
2015-01-14 11:00:29,646 | INFO | MessagingDaemon | pingDatabaseServer() | -1 | Pinging Database...
2015-01-14 11:00:30,151 | INFO | MessagingDaemon | pingDatabaseServer() | -1 | Pinging Database...
2015-01-14 11:00:30,653 | INFO | MessagingDaemon | pingDatabaseServer() | -1 | Pinging Database...
2015-01-14 11:00:31,156 | INFO | MessagingDaemon | pingDatabaseServer() | -1 | Pinging Database...
2015-01-14 11:00:31,658 | INFO | MessagingDaemon | pingDatabaseServer() | -1 | Pinging Database...
2015-01-14 11:00:32,163 | INFO | MessagingDaemon | pingDatabaseServer() | -1 | Pinging Database...
2015-01-14 11:00:32,665 | INFO | MessagingDaemon | pingDatabaseServer() | -1 | Pinging Database...
2015-01-14 11:00:33,167 | INFO | MessagingDaemon | pingDatabaseServer() | -1 | Pinging Database...
2015-01-14 11:00:33,672 | INFO | MessagingDaemon | pingDatabaseServer() | -1 | Pinging Database...
2015-01-14 11:00:34,174 | INFO | MessagingDaemon | pingDatabaseServer() | -1 | Pinging Database...
2015-01-14 11:00:34,678 | INFO | MessagingDaemon | pingDatabaseServer() | -1 | Pinging Database...
2015-01-14 11:00:35,180 | INFO | MessagingDaemon | pingDatabaseServer() | -1 | Pinging Database...
2015-01-14 11:00:35,685 | INFO | MessagingDaemon | pingDatabaseServer() | -1 | Pinging Database...
2015-01-14 11:00:36,188 | INFO | MessagingDaemon | pingDatabaseServer() | -1 | Pinging Database...
2015-01-14 11:00:36,691 | INFO | MessagingDaemon | pingDatabaseServer() | -1 | Pinging Database...
2015-01-14 11:00:37,194 | INFO | MessagingDaemon | pingDatabaseServer() | -1 | Pinging Database...
2015-01-14 11:00:37,763 | INFO | MessagingDaemon | pingDatabaseServer() | -1 | Pinging Database...
2015-01-14 11:00:38,266 | INFO | MessagingDaemon | pingDatabaseServer() | -1 | Pinging Database...
2015-01-14 11:00:38,769 | INFO | MessagingDaemon | pingDatabaseServer() | -1 | Pinging Database...
2015-01-14 11:00:39,271 | INFO | MessagingDaemon | pingDatabaseServer() | -1 | Pinging Database...
2015-01-14 11:00:39,775 | INFO | MessagingDaemon | pingDatabaseServer() | -1 | Pinging Database...
2015-01-14 11:00:40,279 | INFO | MessagingDaemon | pingDatabaseServer() | -1 | Pinging Database...
2015-01-14 11:00:40,782 | INFO | MessagingDaemon | pingDatabaseServer() | -1 | Pinging Database...
2015-01-14 11:00:41,284 | INFO | MessagingDaemon | pingDatabaseServer() | -1 | Pinging Database...
2015-01-14 11:00:41,786 | INFO | MessagingDaemon | pingDatabaseServer() | -1 | Pinging Database...
2015-01-14 11:00:42,290 | INFO | MessagingDaemon | pingDatabaseServer() | -1 | Pinging Database...
2015-01-14 11:00:42,792 | INFO | MessagingDaemon | pingDatabaseServer() | -1 | Pinging Database...
2015-01-14 11:00:43,297 | INFO | MessagingDaemon | pingDatabaseServer() | -1 | Pinging Database...
2015-01-14 11:00:43,800 | INFO | MessagingDaemon | pingDatabaseServer() | -1 | Pinging Database...
2015-01-14 11:00:44,303 | INFO | MessagingDaemon | pingDatabaseServer() | -1 | Pinging Database...
2015-01-14 11:00:44,805 | INFO | MessagingDaemon | pingDatabaseServer() | -1 | Pinging Database...
2015-01-14 11:00:45,310 | INFO | MessagingDaemon | pingDatabaseServer() | -1 | Pinging Database...
2015-01-14 11:00:45,812 | INFO | MessagingDaemon | pingDatabaseServer() | -1 | Pinging Database...
2015-01-14 11:00:46,315 | INFO | MessagingDaemon | pingDatabaseServer() | -1 | Pinging Database...
2015-01-14 11:00:46,817 | INFO | MessagingDaemon | pingDatabaseServer() | -1 | Pinging Database...
2015-01-14 11:00:47,320 | INFO | MessagingDaemon | pingDatabaseServer() | -1 | Pinging Database...
2015-01-14 11:00:47,822 | INFO | MessagingDaemon | pingDatabaseServer() | -1 | Pinging Database...
2015-01-14 11:00:48,326 | INFO | MessagingDaemon | pingDatabaseServer() | -1 | Pinging Database...
2015-01-14 11:00:48,829 | INFO | MessagingDaemon | pingDatabaseServer() | -1 | Pinging Database...
2015-01-14 11:00:49,332 | INFO | MessagingDaemon | pingDatabaseServer() | -1 | Pinging Database...
2015-01-14 11:00:49,835 | INFO | MessagingDaemon | pingDatabaseServer() | -1 | Pinging Database...
2015-01-14 11:00:50,337 | INFO | MessagingDaemon | pingDatabaseServer() | -1 | Pinging Database...
2015-01-14 11:00:50,840 | INFO | MessagingDaemon | pingDatabaseServer() | -1 | Pinging Database...
2015-01-14 11:00:51,345 | INFO | MessagingDaemon | pingDatabaseServer() | -1 | Pinging Database...
2015-01-14 11:00:51,848 | INFO | MessagingDaemon | pingDatabaseServer() | -1 | Pinging Database...
2015-01-14 11:00:52,350 | INFO | MessagingDaemon | pingDatabaseServer() | -1 | Pinging Database...
2015-01-14 11:00:52,855 | INFO | MessagingDaemon | pingDatabaseServer() | -1 | Pinging Database...
2015-01-14 11:00:53,359 | INFO | MessagingDaemon | pingDatabaseServer() | -1 | Pinging Database...
2015-01-14 11:00:53,862 | INFO | MessagingDaemon | pingDatabaseServer() | -1 | Pinging Database...
2015-01-14 11:00:54,364 | INFO | MessagingDaemon | pingDatabaseServer() | -1 | Pinging Database...
2015-01-14 11:00:54,868 | INFO | MessagingDaemon | pingDatabaseServer() | -1 | Pinging Database...
2015-01-14 11:00:55,371 | INFO | MessagingDaemon | pingDatabaseServer() | -1 | Pinging Database...
2015-01-14 11:00:55,873 | INFO | MessagingDaemon | pingDatabaseServer() | -1 | Pinging Database...
2015-01-14 11:00:56,376 | INFO | MessagingDaemon | pingDatabaseServer() | -1 | Pinging Database...
2015-01-14 11:00:56,878 | INFO | MessagingDaemon | pingDatabaseServer() | -1 | Pinging Database...
2015-01-14 11:00:57,383 | INFO | MessagingDaemon | pingDatabaseServer() | -1 | Pinging Database...
2015-01-14 11:00:57,887 | INFO | MessagingDaemon | pingDatabaseServer() | -1 | Pinging Database...
2015-01-14 11:00:58,391 | INFO | MessagingDaemon | pingDatabaseServer() | -1 | Pinging Database...
2015-01-14 11:00:58,896 | INFO | MessagingDaemon | pingDatabaseServer() | -1 | Pinging Database...
2015-01-14 11:00:59,399 | INFO | MessagingDaemon | pingDatabaseServer() | -1 | Pinging Database...
2015-01-14 11:00:59,902 | INFO | MessagingDaemon | pingDatabaseServer() | -1 | Pinging Database...
2015-01-14 11:01:00,404 | INFO | MessagingDaemon | pingDatabaseServer() | -1 | Pinging Database...
2015-01-14 11:01:00,907 | INFO | MessagingDaemon | pingDatabaseServer() | -1 | Pinging Database...
2015-01-14 11:01:01,409 | INFO | MessagingDaemon | pingDatabaseServer() | -1 | Pinging Database...
2015-01-14 11:01:01,912 | INFO | MessagingDaemon | pingDatabaseServer() | -1 | Pinging Database...
2015-01-14 11:01:02,415 | INFO | MessagingDaemon | pingDatabaseServer() | -1 | Pinging Database...
2015-01-14 11:01:02,917 | INFO | MessagingDaemon | pingDatabaseServer() | -1 | Pinging Database...
2015-01-14 11:01:03,420 | INFO | MessagingDaemon | pingDatabaseServer() | -1 | Pinging Database...
2015-01-14 11:01:03,923 | INFO | MessagingDaemon | pingDatabaseServer() | -1 | Pinging Database...
2015-01-14 11:01:04,425 | INFO | MessagingDaemon | pingDatabaseServer() | -1 | Pinging Database...
2015-01-14 11:01:04,927 | INFO | MessagingDaemon | pingDatabaseServer() | -1 | Pinging Database...
2015-01-14 11:01:05,430 | INFO | MessagingDaemon | pingDatabaseServer() | -1 | Pinging Database...
2015-01-14 11:01:05,932 | INFO | MessagingDaemon | pingDatabaseServer() | -1 | Pinging Database...
2015-01-14 11:01:06,437 | INFO | MessagingDaemon | pingDatabaseServer() | -1 | Pinging Database...
2015-01-14 11:01:06,939 | INFO | MessagingDaemon | pingDatabaseServer() | -1 | Pinging Database...
2015-01-14 11:01:07,442 | INFO | MessagingDaemon | pingDatabaseServer() | -1 | Pinging Database...
2015-01-14 11:01:07,944 | INFO | MessagingDaemon | pingDatabaseServer() | -1 | Pinging Database...
2015-01-14 11:01:08,449 | INFO | MessagingDaemon | pingDatabaseServer() | -1 | Pinging Database...
2015-01-14 11:01:08,951 | INFO | MessagingDaemon | pingDatabaseServer() | -1 | Pinging Database...
2015-01-14 11:01:09,453 | INFO | MessagingDaemon | pingDatabaseServer() | -1 | Pinging Database...
2015-01-14 11:01:09,956 | INFO | MessagingDaemon | pingDatabaseServer() | -1 | Pinging Database...
2015-01-14 11:01:10,459 | INFO | MessagingDaemon | pingDatabaseServer() | -1 | Pinging Database...
2015-01-14 11:01:10,961 | INFO | MessagingDaemon | pingDatabaseServer() | -1 | Pinging Database...
2015-01-14 11:01:11,464 | INFO | MessagingDaemon | pingDatabaseServer() | -1 | Pinging Database...
2015-01-14 11:01:11,966 | INFO | MessagingDaemon | pingDatabaseServer() | -1 | Pinging Database...
2015-01-14 11:01:12,469 | INFO | MessagingDaemon | pingDatabaseServer() | -1 | Pinging Database...
2015-01-14 11:01:12,971 | INFO | MessagingDaemon | pingDatabaseServer() | -1 | Pinging Database...
2015-01-14 11:01:13,473 | INFO | MessagingDaemon | pingDatabaseServer() | -1 | Pinging Database...
2015-01-14 11:01:13,976 | INFO | MessagingDaemon | pingDatabaseServer() | -1 | Pinging Database...
2015-01-14 11:01:14,478 | INFO | MessagingDaemon | pingDatabaseServer() | -1 | Pinging Database...
2015-01-14 11:01:14,981 | INFO | MessagingDaemon | pingDatabaseServer() | -1 | Pinging Database...
2015-01-14 11:01:15,485 | INFO | MessagingDaemon | pingDatabaseServer() | -1 | Pinging Database...
2015-01-14 11:01:15,988 | INFO | MessagingDaemon | pingDatabaseServer() | -1 | Pinging Database...
2015-01-14 11:01:16,492 | INFO | MessagingDaemon | pingDatabaseServer() | -1 | Pinging Database...
2015-01-14 11:01:16,994 | INFO | MessagingDaemon | pingDatabaseServer() | -1 | Pinging Database...
2015-01-14 11:01:17,497 | INFO | MessagingDaemon | pingDatabaseServer() | -1 | Pinging Database...
2015-01-14 11:01:18,000 | INFO | MessagingDaemon | pingDatabaseServer() | -1 | Pinging Database...
2015-01-14 11:01:18,503 | INFO | MessagingDaemon | pingDatabaseServer() | -1 | Pinging Database...
2015-01-14 11:01:19,005 | INFO | MessagingDaemon | pingDatabaseServer() | -1 | Pinging Database...
2015-01-14 11:01:19,509 | INFO | MessagingDaemon | pingDatabaseServer() | -1 | Pinging Database...
2015-01-14 11:01:20,011 | INFO | MessagingDaemon | pingDatabaseServer() | -1 | Pinging Database...
2015-01-14 11:01:20,514 | INFO | MessagingDaemon | pingDatabaseServer() | -1 | Pinging Database...
2015-01-14 11:01:21,017 | INFO | MessagingDaemon | pingDatabaseServer() | -1 | Pinging Database...
2015-01-14 11:01:21,519 | INFO | MessagingDaemon | pingDatabaseServer() | -1 | Pinging Database...
2015-01-14 11:01:22,024 | INFO | MessagingDaemon | pingDatabaseServer() | -1 | Pinging Database...
2015-01-14 11:01:22,527 | INFO | MessagingDaemon | pingDatabaseServer() | -1 | Pinging Database...
2015-01-14 11:01:23,031 | INFO | MessagingDaemon | pingDatabaseServer() | -1 | Pinging Database...
2015-01-14 11:01:23,533 | INFO | MessagingDaemon | pingDatabaseServer() | -1 | Pinging Database...
2015-01-14 11:01:24,036 | INFO | MessagingDaemon | pingDatabaseServer() | -1 | Pinging Database...
2015-01-14 11:01:24,539 | INFO | MessagingDaemon | pingDatabaseServer() | -1 | Pinging Database...
2015-01-14 11:01:25,042 | INFO | MessagingDaemon | pingDatabaseServer() | -1 | Pinging Database...
2015-01-14 11:01:25,544 | INFO | MessagingDaemon | pingDatabaseServer() | -1 | Pinging Database...
2015-01-14 11:01:26,048 | INFO | MessagingDaemon | pingDatabaseServer() | -1 | Pinging Database...
2015-01-14 11:01:26,551 | INFO | MessagingDaemon | pingDatabaseServer() | -1 | Pinging Database...
2015-01-14 11:01:27,053 | INFO | MessagingDaemon | pingDatabaseServer() | -1 | Pinging Database...
2015-01-14 11:01:27,556 | INFO | MessagingDaemon | pingDatabaseServer() | -1 | Pinging Database...
2015-01-14 11:01:28,059 | INFO | MessagingDaemon | pingDatabaseServer() | -1 | Pinging Database...
2015-01-14 11:01:28,562 | INFO | MessagingDaemon | pingDatabaseServer() | -1 | Pinging Database...
2015-01-14 11:01:29,064 | INFO | MessagingDaemon | pingDatabaseServer() | -1 | Pinging Database...
2015-01-14 11:01:29,567 | INFO | MessagingDaemon | pingDatabaseServer() | -1 | Pinging Database...
2015-01-14 11:01:30,070 | INFO | MessagingDaemon | pingDatabaseServer() | -1 | Pinging Database...
2015-01-14 11:01:30,574 | INFO | MessagingDaemon | pingDatabaseServer() | -1 | Pinging Database...
2015-01-14 11:01:31,077 | INFO | MessagingDaemon | pingDatabaseServer() | -1 | Pinging Database...
2015-01-14 11:01:31,580 | INFO | MessagingDaemon | pingDatabaseServer() | -1 | Pinging Database...
2015-01-14 11:01:32,082 | INFO | MessagingDaemon | pingDatabaseServer() | -1 | Pinging Database...
2015-01-14 11:01:38,599 | INFO | Just finished initializing Loggers...
2015-01-14 11:01:49,652 | INFO | MessagingDaemon | ProcessHandler() | -1 | All required properties were loaded successfully
2015-01-14 11:01:51,690 | INFO | 
2015-01-14 11:01:56,222 | INFO | MessagingDaemon | pingDatabaseServer() | -1 | Pinging Database...
2015-01-14 11:10:22,279 | INFO | Just finished initializing Loggers...
2015-01-14 11:10:35,936 | INFO | MessagingDaemon | ProcessHandler() | -1 | All required properties were loaded successfully
2015-01-14 11:10:37,496 | INFO | 
2015-01-14 11:10:39,623 | INFO | MessagingDaemon | pingDatabaseServer() | -1 | Pinging Database...
2015-01-14 11:11:11,907 | INFO | MessagingDaemon | runDaemon() | -1 | Connection to the database was interrupted, suspending from service...
2015-01-14 11:11:12,521 | INFO | MessagingDaemon | runDaemon() | -1 | Cleaning up service...
2015-01-14 11:11:14,438 | INFO | MessagingDaemon | pingDatabaseServer() | -1 | Pinging Database...
2015-01-14 11:11:59,550 | INFO | MessagingDaemon | pingDatabaseServer() | -1 | Pinging Database...
